<?xml version="1.0" encoding="UTF-8"?><testsuite errors="0" failures="0" name="ssvv.features.search.RandomStringGenerationStory" skipped="0" tests="4" time="20.96" timestamp="2021-05-11 09:43:12"><testcase classname="ssvv.features.search.RandomStringGenerationStory" name="Generating 1 uppercase string should see 1 uppercase string"/><testcase classname="ssvv.features.search.RandomStringGenerationStory" name="Generating 1 numeric string should see 1 numeric string"/><testcase classname="ssvv.features.search.RandomStringGenerationStory" name="Generating with all filters disabled should see error message"/><testcase classname="ssvv.features.search.RandomStringGenerationStory" name="Using invalid input should see error message"/></testsuite>