<?xml version="1.0" encoding="UTF-8"?><testsuite errors="0" failures="0" name="ssvv.features.search.SearchByKeywordStory" skipped="1" tests="3" time="18.33" timestamp="2021-04-21 08:42:09"><testcase classname="ssvv.features.search.SearchByKeywordStory" name="Searching by keyword banana should display the corresponding article"/><testcase classname="ssvv.features.search.SearchByKeywordStory" name="Searching by ambiguious keyword should display the disambiguation page"><skipped/></testcase><testcase classname="ssvv.features.search.SearchByKeywordStory" name="Searching by keyword apple should display the corresponding article"/></testsuite>